<?xml version="1.0" encoding="UTF-8" ?>
<testsuite errors="0" failures="0" name="org.apache.commons.jelly.TestJelly" tests="19" time="0.207">
  <properties>
    <property name="java.runtime.name" value="Java(TM) 2 Runtime Environment, Standard Edition"></property>
    <property name="sun.boot.library.path" value="/afs/csail.mit.edu/system/i386_linux24/java/j2sdk-5.0/jre/lib/i386"></property>
    <property name="java.vm.version" value="1.5.0_03-b07"></property>
    <property name="ant.library.dir" value="/afs/csail.mit.edu/system/common/ant/apache-ant-1.6.5/lib"></property>
    <property name="ant.version" value="Apache Ant version 1.6.5 compiled on June 2 2005"></property>
    <property name="ant.java.version" value="1.5"></property>
    <property name="java.vm.vendor" value="Sun Microsystems Inc."></property>
    <property name="java.vendor.url" value="http://java.sun.com/"></property>
    <property name="path.separator" value=":"></property>
    <property name="java.vm.name" value="Java HotSpot(TM) Client VM"></property>
    <property name="file.encoding.pkg" value="sun.io"></property>
    <property name="user.country" value="US"></property>
    <property name="sun.os.patch.level" value="unknown"></property>
    <property name="libdir" value="target/lib"></property>
    <property name="java.vm.specification.name" value="Java Virtual Machine Specification"></property>
    <property name="user.dir" value="/afs/csail.mit.edu/group/pag/projects/joe/jakarta/jakarta-commons/jelly"></property>
    <property name="final.name" value="commons-jelly-1.0-beta-5-SNAPSHOT"></property>
    <property name="java.runtime.version" value="1.5.0_03-b07"></property>
    <property name="java.awt.graphicsenv" value="sun.awt.X11GraphicsEnvironment"></property>
    <property name="basedir" value="."></property>
    <property name="java.endorsed.dirs" value="/afs/csail.mit.edu/system/i386_linux24/java/j2sdk-5.0/jre/lib/endorsed"></property>
    <property name="os.arch" value="i386"></property>
    <property name="ant.file.commons-jelly" value="/afs/csail.mit.edu/group/pag/projects/joe/jakarta/jakarta-commons/jelly/build.xml"></property>
    <property name="java.io.tmpdir" value="/tmp"></property>
    <property name="line.separator" value="
"></property>
    <property name="java.vm.specification.vendor" value="Sun Microsystems Inc."></property>
    <property name="classesdir" value="target/classes"></property>
    <property name="os.name" value="Linux"></property>
    <property name="ant.home" value="/afs/csail.mit.edu/system/common/ant/apache-ant-1.6.5"></property>
    <property name="testclassesdir" value="target/test-classes"></property>
    <property name="ant.project.name" value="commons-jelly"></property>
    <property name="sun.jnu.encoding" value="ISO-8859-1"></property>
    <property name="java.library.path" value="/afs/csail.mit.edu/system/i386_linux24/java/j2sdk-5.0/jre/lib/i386/client:/afs/csail.mit.edu/system/i386_linux24/java/j2sdk-5.0/jre/lib/i386:/afs/csail.mit.edu/system/i386_linux24/java/j2sdk-5.0/jre/../lib/i386:/usr/X11R6/lib:/usr/local/lib:/usr/lib:/lib"></property>
    <property name="testreportdir" value="target/test-reports"></property>
    <property name="java.class.version" value="49.0"></property>
    <property name="java.specification.name" value="Java Platform API Specification"></property>
    <property name="sun.management.compiler" value="HotSpot Client Compiler"></property>
    <property name="os.version" value="2.4.28-1-csail-i686"></property>
    <property name="distdir" value="dist"></property>
    <property name="ant.file" value="/afs/csail.mit.edu/group/pag/projects/joe/jakarta/jakarta-commons/jelly/build.xml"></property>
    <property name="user.home" value="/afs/csail.mit.edu/u/c/cpacheco"></property>
    <property name="user.timezone" value=""></property>
    <property name="java.awt.printerjob" value="sun.print.PSPrinterJob"></property>
    <property name="java.specification.version" value="1.5"></property>
    <property name="file.encoding" value="ISO-8859-1"></property>
    <property name="javadocdir" value="dist/docs/api"></property>
    <property name="Junit.present" value="true"></property>
    <property name="java.class.path" value="/afs/csail.mit.edu/group/pag/projects/joe/jakarta/jakarta-commons/jelly/target/lib/commons-beanutils-1.7.0.jar:/afs/csail.mit.edu/group/pag/projects/joe/jakarta/jakarta-commons/jelly/target/lib/commons-cli-1.0.jar:/afs/csail.mit.edu/group/pag/projects/joe/jakarta/jakarta-commons/jelly/target/lib/commons-collections-2.1.jar:/afs/csail.mit.edu/group/pag/projects/joe/jakarta/jakarta-commons/jelly/target/lib/commons-discovery-20030211.213356.jar:/afs/csail.mit.edu/group/pag/projects/joe/jakarta/jakarta-commons/jelly/target/lib/commons-jexl-1.0.jar:/afs/csail.mit.edu/group/pag/projects/joe/jakarta/jakarta-commons/jelly/target/lib/commons-lang-2.0.jar:/afs/csail.mit.edu/group/pag/projects/joe/jakarta/jakarta-commons/jelly/target/lib/commons-logging-1.0.3.jar:/afs/csail.mit.edu/group/pag/projects/joe/jakarta/jakarta-commons/jelly/target/lib/dom4j-1.5.jar:/afs/csail.mit.edu/group/pag/projects/joe/jakarta/jakarta-commons/jelly/target/lib/forehead-1.0-beta-5.jar:/afs/csail.mit.edu/group/pag/projects/joe/jakarta/jakarta-commons/jelly/target/lib/jaxen-1.1-beta-2.jar:/afs/csail.mit.edu/group/pag/projects/joe/jakarta/jakarta-commons/jelly/target/lib/jstl-1.0.6.jar:/afs/csail.mit.edu/group/pag/projects/joe/jakarta/jakarta-commons/jelly/target/lib/servletapi-2.3.jar:/afs/csail.mit.edu/group/pag/projects/joe/jakarta/jakarta-commons/jelly/target/lib/xerces-2.2.1.jar:/afs/csail.mit.edu/group/pag/projects/joe/jakarta/jakarta-commons/jelly/target/lib/xml-apis-1.0.b2.jar:/afs/csail.mit.edu/group/pag/projects/joe/jakarta/jakarta-commons/jelly/target/test-classes:/afs/csail.mit.edu/group/pag/projects/joe/jakarta/jakarta-commons/jelly/target/classes:/afs/csail.mit.edu/group/pag/projects/joe/jakarta/jakarta-commons/jelly:/afs/csail.mit.edu/u/c/cpacheco/research/invariants/java:/afs/csail/group/pag/software/pkg/jdk/jre/lib/rt.jar:/afs/csail/group/pag/software/pkg/jdk/lib/tools.jar:/afs/csail.mit.edu/u/c/cpacheco/research/invariants/java/lib/bcel.jar:/afs/csail.mit.edu/u/c/cpacheco/research/invariants/java/lib/java-getopt.jar:/afs/csail.mit.edu/u/c/cpacheco/research/invariants/java/lib/junit.jar:/afs/csail.mit.edu/system/common/ant/apache-ant-1.6.5/lib/ant-launcher.jar:/afs/csail.mit.edu/system/common/ant/apache-ant-1.6.5/lib/ant.jar:/afs/csail.mit.edu/system/common/ant/apache-ant-1.6.5/lib/ant-junit.jar"></property>
    <property name="user.name" value="cpacheco"></property>
    <property name="java.vm.specification.version" value="1.0"></property>
    <property name="java.home" value="/afs/csail.mit.edu/system/i386_linux24/java/j2sdk-5.0/jre"></property>
    <property name="sun.arch.data.model" value="32"></property>
    <property name="java.specification.vendor" value="Sun Microsystems Inc."></property>
    <property name="user.language" value="en"></property>
    <property name="java.vm.info" value="mixed mode, sharing"></property>
    <property name="java.version" value="1.5.0_03"></property>
    <property name="java.ext.dirs" value="/afs/csail.mit.edu/system/i386_linux24/java/j2sdk-5.0/jre/lib/ext"></property>
    <property name="sun.boot.class.path" value="/afs/csail.mit.edu/system/i386_linux24/java/j2sdk-5.0/jre/lib/rt.jar:/afs/csail.mit.edu/system/i386_linux24/java/j2sdk-5.0/jre/lib/i18n.jar:/afs/csail.mit.edu/system/i386_linux24/java/j2sdk-5.0/jre/lib/sunrsasign.jar:/afs/csail.mit.edu/system/i386_linux24/java/j2sdk-5.0/jre/lib/jsse.jar:/afs/csail.mit.edu/system/i386_linux24/java/j2sdk-5.0/jre/lib/jce.jar:/afs/csail.mit.edu/system/i386_linux24/java/j2sdk-5.0/jre/lib/charsets.jar:/afs/csail.mit.edu/system/i386_linux24/java/j2sdk-5.0/jre/classes"></property>
    <property name="java.vendor" value="Sun Microsystems Inc."></property>
    <property name="file.separator" value="/"></property>
    <property name="java.vendor.url.bug" value="http://java.sun.com/cgi-bin/bugreport.cgi"></property>
    <property name="sun.cpu.endian" value="little"></property>
    <property name="sun.io.unicode.encoding" value="UnicodeLittle"></property>
    <property name="defaulttargetdir" value="target"></property>
    <property name="sun.cpu.isalist" value=""></property>
  </properties>
  <testcase classname="org.apache.commons.jelly.tags.junit.CaseTag$1" name="testSetAndRemove" time="0.027"></testcase>
  <testcase classname="org.apache.commons.jelly.tags.junit.CaseTag$1" name="testSetWithDefault" time="0.0010"></testcase>
  <testcase classname="org.apache.commons.jelly.tags.junit.CaseTag$1" name="testScope" time="0.0020"></testcase>
  <testcase classname="org.apache.commons.jelly.tags.junit.CaseTag$1" name="testChoose" time="0.0090"></testcase>
  <testcase classname="org.apache.commons.jelly.tags.junit.CaseTag$1" name="testIf" time="0.0020"></testcase>
  <testcase classname="org.apache.commons.jelly.tags.junit.CaseTag$1" name="testNewAndSetProperties" time="0.026"></testcase>
  <testcase classname="org.apache.commons.jelly.tags.junit.CaseTag$1" name="testUseBean" time="0.0010"></testcase>
  <testcase classname="org.apache.commons.jelly.tags.junit.CaseTag$1" name="testUseBeanWithSetProperties" time="0.0020"></testcase>
  <testcase classname="org.apache.commons.jelly.tags.junit.CaseTag$1" name="testSetWithNoEncoding" time="0.0040"></testcase>
  <testcase classname="org.apache.commons.jelly.tags.junit.CaseTag$1" name="testFileToVar" time="0.0050"></testcase>
  <testcase classname="org.apache.commons.jelly.tags.junit.CaseTag$1" name="testTrim" time="0.013"></testcase>
  <testcase classname="org.apache.commons.jelly.tags.junit.CaseTag$1" name="testBreak" time="0.014"></testcase>
  <testcase classname="org.apache.commons.jelly.tags.junit.CaseTag$1" name="testBreakWithIf" time="0.0010"></testcase>
  <testcase classname="org.apache.commons.jelly.tags.junit.CaseTag$1" name="testVariablesWithDots" time="0.0010"></testcase>
  <testcase classname="org.apache.commons.jelly.tags.junit.CaseTag$1" name="testImport" time="0.019"></testcase>
  <testcase classname="org.apache.commons.jelly.tags.junit.CaseTag$1" name="testMuteTag" time="0.0030"></testcase>
  <testcase classname="org.apache.commons.jelly.tags.junit.CaseTag$1" name="testForEachWithString" time="0.012"></testcase>
  <testcase classname="org.apache.commons.jelly.tags.junit.CaseTag$1" name="testFileTag" time="0.018"></testcase>
  <testcase classname="org.apache.commons.jelly.tags.junit.CaseTag$1" name="testFileToVarAppend" time="0.0"></testcase>
  <system-out><![CDATA[this should always workthis should always workthis should always workthis should always work

        Created a new bean: org.apache.commons.jelly.core.Customer@1893efe[name=James;city=London]
            
        

        Created a new bean: org.apache.commons.jelly.core.Customer@15a8767[name=James;city=London]
            
                    
                                        
        Created a new bean: org.apache.commons.jelly.core.Customer@1feca64[name=Bob;city=Atlanta]
            
        ]]></system-out>
  <system-err><![CDATA[]]></system-err>
</testsuite>
